20-12-04 13:42:42.256 [background-preinit] INFO  o.h.validator.internal.util.Version-21 -HV000001: Hibernate Validator 6.1.6.Final
20-12-04 13:42:42.266 [main] INFO  c.e.appcommon.AppCommonApplication-55 -Starting AppCommonApplication using Java 1.8.0_231 on wangchenguang with PID 47204 (D:\GitRepository\Improve\app-common\target\classes started by wangchenguang in D:\GitRepository\Improve\app-common)
20-12-04 13:42:42.266 [main] INFO  c.e.appcommon.AppCommonApplication-660 -No active profile set, falling back to default profiles: default
20-12-04 13:42:42.977 [main] WARN  o.m.s.mapper.ClassPathMapperScanner-44 -No MyBatis mapper was found in '[com.example.appcommon]' package. Please check your configuration.
20-12-04 13:42:43.285 [main] INFO  o.s.b.w.e.tomcat.TomcatWebServer-108 -Tomcat initialized with port(s): 8080 (http)
20-12-04 13:42:43.293 [main] INFO  o.a.coyote.http11.Http11NioProtocol-173 -Initializing ProtocolHandler ["http-nio-8080"]
20-12-04 13:42:43.294 [main] INFO  o.a.catalina.core.StandardService-173 -Starting service [Tomcat]
20-12-04 13:42:43.294 [main] INFO  o.a.catalina.core.StandardEngine-173 -Starting Servlet engine: [Apache Tomcat/9.0.39]
20-12-04 13:42:43.357 [main] INFO  o.a.c.c.C.[Tomcat].[localhost].[/]-173 -Initializing Spring embedded WebApplicationContext
20-12-04 13:42:43.357 [main] INFO  o.s.b.w.s.c.ServletWebServerApplicationContext-289 -Root WebApplicationContext: initialization completed in 1053 ms
20-12-04 13:42:43.609 [main] INFO  o.s.s.c.ThreadPoolTaskExecutor-181 -Initializing ExecutorService 'applicationTaskExecutor'
20-12-04 13:42:43.779 [main] WARN  o.s.b.w.s.c.AnnotationConfigServletWebServerApplicationContext-596 -Exception encountered during context initialization - cancelling refresh attempt: org.springframework.beans.factory.BeanCreationException: Error creating bean with name 'dataSource' defined in class path resource [org/springframework/boot/autoconfigure/jdbc/DataSourceConfiguration$Hikari.class]: Bean instantiation via factory method failed; nested exception is org.springframework.beans.BeanInstantiationException: Failed to instantiate [com.zaxxer.hikari.HikariDataSource]: Factory method 'dataSource' threw exception; nested exception is org.springframework.boot.autoconfigure.jdbc.DataSourceProperties$DataSourceBeanCreationException: Failed to determine a suitable driver class
20-12-04 13:42:43.780 [main] INFO  o.s.s.c.ThreadPoolTaskExecutor-218 -Shutting down ExecutorService 'applicationTaskExecutor'
20-12-04 13:42:43.781 [main] INFO  o.a.catalina.core.StandardService-173 -Stopping service [Tomcat]
20-12-04 13:42:43.794 [main] INFO  o.s.b.a.l.ConditionEvaluationReportLoggingListener-136 -

Error starting ApplicationContext. To display the conditions report re-run your application with 'debug' enabled.
20-12-04 13:42:43.808 [main] ERROR o.s.b.d.LoggingFailureAnalysisReporter-40 -

***************************
APPLICATION FAILED TO START
***************************

Description:

Failed to configure a DataSource: 'url' attribute is not specified and no embedded datasource could be configured.

Reason: Failed to determine a suitable driver class


Action:

Consider the following:
	If you want an embedded database (H2, HSQL or Derby), please put it on the classpath.
	If you have database settings to be loaded from a particular profile you may need to activate it (no profiles are currently active).

