21-02-07 08:48:50.347 [main] INFO  c.e.appcommon.AppCommonApplication-55 -Starting AppCommonApplication using Java 1.8.0_231 on wangchenguang with PID 54228 (D:\GitRepository\Improve\app-common\target\classes started by wangchenguang in D:\GitRepository\Improve\app-common)
21-02-07 08:48:50.335 [background-preinit] INFO  o.h.validator.internal.util.Version-21 -HV000001: Hibernate Validator 6.1.6.Final
21-02-07 08:48:50.354 [main] INFO  c.e.appcommon.AppCommonApplication-660 -No active profile set, falling back to default profiles: default
21-02-07 08:48:51.414 [main] WARN  o.m.s.mapper.ClassPathMapperScanner-44 -No MyBatis mapper was found in '[com.example.appcommon]' package. Please check your configuration.
21-02-07 08:48:51.553 [main] INFO  o.s.c.s.PostProcessorRegistrationDelegate$BeanPostProcessorChecker-350 -Bean 'com.thebeastshop.forest.springboot.ForestAutoConfiguration' of type [com.thebeastshop.forest.springboot.ForestAutoConfiguration$$EnhancerBySpringCGLIB$$f1fcaa34] is not eligible for getting processed by all BeanPostProcessors (for example: not eligible for auto-proxying)
21-02-07 08:48:51.566 [main] INFO  o.s.c.s.PostProcessorRegistrationDelegate$BeanPostProcessorChecker-350 -Bean 'forestConfigurationProperties' of type [com.thebeastshop.forest.springboot.properties.ForestConfigurationProperties] is not eligible for getting processed by all BeanPostProcessors (for example: not eligible for auto-proxying)
21-02-07 08:48:51.601 [main] INFO  o.s.c.s.PostProcessorRegistrationDelegate$BeanPostProcessorChecker-350 -Bean '(inner bean)#b791a81' of type [com.dtflys.forest.interceptor.SpringInterceptorFactory] is not eligible for getting processed by all BeanPostProcessors (for example: not eligible for auto-proxying)
21-02-07 08:48:51.602 [main] INFO  o.s.c.s.PostProcessorRegistrationDelegate$BeanPostProcessorChecker-350 -Bean 'forestConfiguration' of type [com.dtflys.forest.config.ForestConfiguration] is not eligible for getting processed by all BeanPostProcessors (for example: not eligible for auto-proxying)
21-02-07 08:48:51.802 [main] INFO  o.s.b.w.e.tomcat.TomcatWebServer-108 -Tomcat initialized with port(s): 8080 (http)
21-02-07 08:48:51.810 [main] INFO  o.a.coyote.http11.Http11NioProtocol-173 -Initializing ProtocolHandler ["http-nio-8080"]
21-02-07 08:48:51.810 [main] INFO  o.a.catalina.core.StandardService-173 -Starting service [Tomcat]
21-02-07 08:48:51.810 [main] INFO  o.a.catalina.core.StandardEngine-173 -Starting Servlet engine: [Apache Tomcat/9.0.39]
21-02-07 08:48:51.883 [main] INFO  o.a.c.c.C.[Tomcat].[localhost].[/]-173 -Initializing Spring embedded WebApplicationContext
21-02-07 08:48:51.883 [main] INFO  o.s.b.w.s.c.ServletWebServerApplicationContext-289 -Root WebApplicationContext: initialization completed in 1486 ms
21-02-07 08:48:52.431 [main] INFO  o.s.b.a.e.web.EndpointLinksResolver-58 -Exposing 2 endpoint(s) beneath base path '/actuator'
21-02-07 08:48:52.558 [main] INFO  o.s.s.c.ThreadPoolTaskExecutor-181 -Initializing ExecutorService 'applicationTaskExecutor'
21-02-07 08:48:52.803 [main] INFO  o.a.coyote.http11.Http11NioProtocol-173 -Starting ProtocolHandler ["http-nio-8080"]
21-02-07 08:48:52.819 [main] INFO  o.s.b.w.e.tomcat.TomcatWebServer-220 -Tomcat started on port(s): 8080 (http) with context path ''
21-02-07 08:48:52.937 [main] INFO  c.e.appcommon.AppCommonApplication-61 -Started AppCommonApplication in 3.073 seconds (JVM running for 4.722)
21-02-07 08:48:53.277 [RMI TCP Connection(2)-10.0.107.77] INFO  o.a.c.c.C.[Tomcat].[localhost].[/]-173 -Initializing Spring DispatcherServlet 'dispatcherServlet'
21-02-07 08:48:53.277 [RMI TCP Connection(2)-10.0.107.77] INFO  o.s.web.servlet.DispatcherServlet-525 -Initializing Servlet 'dispatcherServlet'
21-02-07 08:48:53.277 [RMI TCP Connection(1)-10.0.107.77] INFO  com.zaxxer.hikari.HikariDataSource-110 -HikariPool-1 - Starting...
21-02-07 08:48:53.279 [RMI TCP Connection(2)-10.0.107.77] INFO  o.s.web.servlet.DispatcherServlet-547 -Completed initialization in 2 ms
21-02-07 08:48:53.601 [RMI TCP Connection(1)-10.0.107.77] INFO  com.zaxxer.hikari.HikariDataSource-123 -HikariPool-1 - Start completed.
21-02-07 08:50:15.503 [SpringContextShutdownHook] INFO  o.s.s.c.ThreadPoolTaskExecutor-218 -Shutting down ExecutorService 'applicationTaskExecutor'
21-02-07 08:50:15.504 [SpringContextShutdownHook] INFO  com.zaxxer.hikari.HikariDataSource-350 -HikariPool-1 - Shutdown initiated...
21-02-07 08:50:15.512 [SpringContextShutdownHook] INFO  com.zaxxer.hikari.HikariDataSource-352 -HikariPool-1 - Shutdown completed.
21-02-07 08:53:33.895 [background-preinit] INFO  o.h.validator.internal.util.Version-21 -HV000001: Hibernate Validator 6.1.6.Final
21-02-07 08:53:33.902 [main] INFO  c.e.appcommon.AppCommonApplication-55 -Starting AppCommonApplication using Java 1.8.0_231 on wangchenguang with PID 52592 (D:\GitRepository\Improve\app-common\target\classes started by wangchenguang in D:\GitRepository\Improve\app-common)
21-02-07 08:53:33.903 [main] INFO  c.e.appcommon.AppCommonApplication-660 -No active profile set, falling back to default profiles: default
21-02-07 08:53:34.870 [main] WARN  o.m.s.mapper.ClassPathMapperScanner-44 -No MyBatis mapper was found in '[com.example.appcommon]' package. Please check your configuration.
21-02-07 08:53:35.007 [main] INFO  o.s.c.s.PostProcessorRegistrationDelegate$BeanPostProcessorChecker-350 -Bean 'com.thebeastshop.forest.springboot.ForestAutoConfiguration' of type [com.thebeastshop.forest.springboot.ForestAutoConfiguration$$EnhancerBySpringCGLIB$$92d1f29a] is not eligible for getting processed by all BeanPostProcessors (for example: not eligible for auto-proxying)
21-02-07 08:53:35.021 [main] INFO  o.s.c.s.PostProcessorRegistrationDelegate$BeanPostProcessorChecker-350 -Bean 'forestConfigurationProperties' of type [com.thebeastshop.forest.springboot.properties.ForestConfigurationProperties] is not eligible for getting processed by all BeanPostProcessors (for example: not eligible for auto-proxying)
21-02-07 08:53:35.051 [main] INFO  o.s.c.s.PostProcessorRegistrationDelegate$BeanPostProcessorChecker-350 -Bean '(inner bean)#122635ef' of type [com.dtflys.forest.interceptor.SpringInterceptorFactory] is not eligible for getting processed by all BeanPostProcessors (for example: not eligible for auto-proxying)
21-02-07 08:53:35.053 [main] INFO  o.s.c.s.PostProcessorRegistrationDelegate$BeanPostProcessorChecker-350 -Bean 'forestConfiguration' of type [com.dtflys.forest.config.ForestConfiguration] is not eligible for getting processed by all BeanPostProcessors (for example: not eligible for auto-proxying)
21-02-07 08:53:35.230 [main] INFO  o.s.b.w.e.tomcat.TomcatWebServer-108 -Tomcat initialized with port(s): 8080 (http)
21-02-07 08:53:35.237 [main] INFO  o.a.coyote.http11.Http11NioProtocol-173 -Initializing ProtocolHandler ["http-nio-8080"]
21-02-07 08:53:35.238 [main] INFO  o.a.catalina.core.StandardService-173 -Starting service [Tomcat]
21-02-07 08:53:35.238 [main] INFO  o.a.catalina.core.StandardEngine-173 -Starting Servlet engine: [Apache Tomcat/9.0.39]
21-02-07 08:53:35.306 [main] INFO  o.a.c.c.C.[Tomcat].[localhost].[/]-173 -Initializing Spring embedded WebApplicationContext
21-02-07 08:53:35.306 [main] INFO  o.s.b.w.s.c.ServletWebServerApplicationContext-289 -Root WebApplicationContext: initialization completed in 1352 ms
21-02-07 08:53:35.791 [main] INFO  o.s.b.a.e.web.EndpointLinksResolver-58 -Exposing 2 endpoint(s) beneath base path '/actuator'
21-02-07 08:53:35.916 [main] INFO  o.s.s.c.ThreadPoolTaskExecutor-181 -Initializing ExecutorService 'applicationTaskExecutor'
21-02-07 08:53:36.161 [main] INFO  o.a.coyote.http11.Http11NioProtocol-173 -Starting ProtocolHandler ["http-nio-8080"]
21-02-07 08:53:36.176 [main] INFO  o.s.b.w.e.tomcat.TomcatWebServer-220 -Tomcat started on port(s): 8080 (http) with context path ''
21-02-07 08:53:36.255 [main] WARN  s.d.s.r.o.OperationImplicitParameterReader-170 -Unable to interpret the implicit parameter configuration with dataType: MultipartFile, dataTypeClass: class java.lang.Void
21-02-07 08:53:36.302 [main] INFO  c.e.appcommon.AppCommonApplication-61 -Started AppCommonApplication in 2.896 seconds (JVM running for 3.748)
21-02-07 08:53:36.542 [RMI TCP Connection(1)-10.0.107.77] INFO  o.a.c.c.C.[Tomcat].[localhost].[/]-173 -Initializing Spring DispatcherServlet 'dispatcherServlet'
21-02-07 08:53:36.542 [RMI TCP Connection(1)-10.0.107.77] INFO  o.s.web.servlet.DispatcherServlet-525 -Initializing Servlet 'dispatcherServlet'
21-02-07 08:53:36.544 [RMI TCP Connection(1)-10.0.107.77] INFO  o.s.web.servlet.DispatcherServlet-547 -Completed initialization in 2 ms
21-02-07 08:53:37.000 [RMI TCP Connection(3)-10.0.107.77] INFO  com.zaxxer.hikari.HikariDataSource-110 -HikariPool-1 - Starting...
21-02-07 08:53:37.252 [RMI TCP Connection(3)-10.0.107.77] INFO  com.zaxxer.hikari.HikariDataSource-123 -HikariPool-1 - Start completed.
21-02-07 08:54:30.208 [SpringContextShutdownHook] INFO  o.s.s.c.ThreadPoolTaskExecutor-218 -Shutting down ExecutorService 'applicationTaskExecutor'
21-02-07 08:54:30.214 [SpringContextShutdownHook] INFO  com.zaxxer.hikari.HikariDataSource-350 -HikariPool-1 - Shutdown initiated...
21-02-07 08:54:30.243 [SpringContextShutdownHook] INFO  com.zaxxer.hikari.HikariDataSource-352 -HikariPool-1 - Shutdown completed.
21-02-07 08:56:14.848 [background-preinit] INFO  o.h.validator.internal.util.Version-21 -HV000001: Hibernate Validator 6.1.6.Final
21-02-07 08:56:14.862 [main] INFO  c.e.appcommon.AppCommonApplication-55 -Starting AppCommonApplication using Java 1.8.0_231 on wangchenguang with PID 55824 (D:\GitRepository\Improve\app-common\target\classes started by wangchenguang in D:\GitRepository\Improve\app-common)
21-02-07 08:56:14.863 [main] INFO  c.e.appcommon.AppCommonApplication-660 -No active profile set, falling back to default profiles: default
21-02-07 08:56:15.840 [main] WARN  o.m.s.mapper.ClassPathMapperScanner-44 -No MyBatis mapper was found in '[com.example.appcommon]' package. Please check your configuration.
21-02-07 08:56:15.970 [main] INFO  o.s.c.s.PostProcessorRegistrationDelegate$BeanPostProcessorChecker-350 -Bean 'com.thebeastshop.forest.springboot.ForestAutoConfiguration' of type [com.thebeastshop.forest.springboot.ForestAutoConfiguration$$EnhancerBySpringCGLIB$$4370c492] is not eligible for getting processed by all BeanPostProcessors (for example: not eligible for auto-proxying)
21-02-07 08:56:15.981 [main] INFO  o.s.c.s.PostProcessorRegistrationDelegate$BeanPostProcessorChecker-350 -Bean 'forestConfigurationProperties' of type [com.thebeastshop.forest.springboot.properties.ForestConfigurationProperties] is not eligible for getting processed by all BeanPostProcessors (for example: not eligible for auto-proxying)
21-02-07 08:56:16.010 [main] INFO  o.s.c.s.PostProcessorRegistrationDelegate$BeanPostProcessorChecker-350 -Bean '(inner bean)#e9474f' of type [com.dtflys.forest.interceptor.SpringInterceptorFactory] is not eligible for getting processed by all BeanPostProcessors (for example: not eligible for auto-proxying)
21-02-07 08:56:16.012 [main] INFO  o.s.c.s.PostProcessorRegistrationDelegate$BeanPostProcessorChecker-350 -Bean 'forestConfiguration' of type [com.dtflys.forest.config.ForestConfiguration] is not eligible for getting processed by all BeanPostProcessors (for example: not eligible for auto-proxying)
21-02-07 08:56:16.192 [main] INFO  o.s.b.w.e.tomcat.TomcatWebServer-108 -Tomcat initialized with port(s): 8080 (http)
21-02-07 08:56:16.202 [main] INFO  o.a.coyote.http11.Http11NioProtocol-173 -Initializing ProtocolHandler ["http-nio-8080"]
21-02-07 08:56:16.202 [main] INFO  o.a.catalina.core.StandardService-173 -Starting service [Tomcat]
21-02-07 08:56:16.202 [main] INFO  o.a.catalina.core.StandardEngine-173 -Starting Servlet engine: [Apache Tomcat/9.0.39]
21-02-07 08:56:16.273 [main] INFO  o.a.c.c.C.[Tomcat].[localhost].[/]-173 -Initializing Spring embedded WebApplicationContext
21-02-07 08:56:16.273 [main] INFO  o.s.b.w.s.c.ServletWebServerApplicationContext-289 -Root WebApplicationContext: initialization completed in 1370 ms
21-02-07 08:56:16.778 [main] INFO  o.s.b.a.e.web.EndpointLinksResolver-58 -Exposing 2 endpoint(s) beneath base path '/actuator'
21-02-07 08:56:16.902 [main] INFO  o.s.s.c.ThreadPoolTaskExecutor-181 -Initializing ExecutorService 'applicationTaskExecutor'
21-02-07 08:56:17.136 [main] INFO  o.a.coyote.http11.Http11NioProtocol-173 -Starting ProtocolHandler ["http-nio-8080"]
21-02-07 08:56:17.156 [main] INFO  o.s.b.w.e.tomcat.TomcatWebServer-220 -Tomcat started on port(s): 8080 (http) with context path ''
21-02-07 08:56:17.233 [main] WARN  s.d.s.r.o.OperationImplicitParameterReader-170 -Unable to interpret the implicit parameter configuration with dataType: MultipartFile, dataTypeClass: class java.lang.Void
21-02-07 08:56:17.282 [main] INFO  c.e.appcommon.AppCommonApplication-61 -Started AppCommonApplication in 2.928 seconds (JVM running for 3.884)
21-02-07 08:56:17.905 [RMI TCP Connection(2)-10.0.107.77] INFO  o.a.c.c.C.[Tomcat].[localhost].[/]-173 -Initializing Spring DispatcherServlet 'dispatcherServlet'
21-02-07 08:56:17.906 [RMI TCP Connection(2)-10.0.107.77] INFO  o.s.web.servlet.DispatcherServlet-525 -Initializing Servlet 'dispatcherServlet'
21-02-07 08:56:17.906 [RMI TCP Connection(1)-10.0.107.77] INFO  com.zaxxer.hikari.HikariDataSource-110 -HikariPool-1 - Starting...
21-02-07 08:56:17.907 [RMI TCP Connection(2)-10.0.107.77] INFO  o.s.web.servlet.DispatcherServlet-547 -Completed initialization in 1 ms
21-02-07 08:56:18.183 [RMI TCP Connection(1)-10.0.107.77] INFO  com.zaxxer.hikari.HikariDataSource-123 -HikariPool-1 - Start completed.
21-02-07 08:58:32.779 [SpringContextShutdownHook] INFO  o.s.s.c.ThreadPoolTaskExecutor-218 -Shutting down ExecutorService 'applicationTaskExecutor'
21-02-07 08:58:32.780 [SpringContextShutdownHook] INFO  com.zaxxer.hikari.HikariDataSource-350 -HikariPool-1 - Shutdown initiated...
21-02-07 08:58:32.796 [SpringContextShutdownHook] INFO  com.zaxxer.hikari.HikariDataSource-352 -HikariPool-1 - Shutdown completed.
21-02-07 08:58:35.502 [background-preinit] INFO  o.h.validator.internal.util.Version-21 -HV000001: Hibernate Validator 6.1.6.Final
21-02-07 08:58:35.511 [main] INFO  c.e.appcommon.AppCommonApplication-55 -Starting AppCommonApplication using Java 1.8.0_231 on wangchenguang with PID 6104 (D:\GitRepository\Improve\app-common\target\classes started by wangchenguang in D:\GitRepository\Improve\app-common)
21-02-07 08:58:35.511 [main] INFO  c.e.appcommon.AppCommonApplication-660 -No active profile set, falling back to default profiles: default
21-02-07 08:58:36.524 [main] WARN  o.m.s.mapper.ClassPathMapperScanner-44 -No MyBatis mapper was found in '[com.example.appcommon]' package. Please check your configuration.
21-02-07 08:58:36.652 [main] INFO  o.s.c.s.PostProcessorRegistrationDelegate$BeanPostProcessorChecker-350 -Bean 'com.thebeastshop.forest.springboot.ForestAutoConfiguration' of type [com.thebeastshop.forest.springboot.ForestAutoConfiguration$$EnhancerBySpringCGLIB$$b319a4e5] is not eligible for getting processed by all BeanPostProcessors (for example: not eligible for auto-proxying)
21-02-07 08:58:36.663 [main] INFO  o.s.c.s.PostProcessorRegistrationDelegate$BeanPostProcessorChecker-350 -Bean 'forestConfigurationProperties' of type [com.thebeastshop.forest.springboot.properties.ForestConfigurationProperties] is not eligible for getting processed by all BeanPostProcessors (for example: not eligible for auto-proxying)
21-02-07 08:58:36.692 [main] INFO  o.s.c.s.PostProcessorRegistrationDelegate$BeanPostProcessorChecker-350 -Bean '(inner bean)#2c719bd4' of type [com.dtflys.forest.interceptor.SpringInterceptorFactory] is not eligible for getting processed by all BeanPostProcessors (for example: not eligible for auto-proxying)
21-02-07 08:58:36.694 [main] INFO  o.s.c.s.PostProcessorRegistrationDelegate$BeanPostProcessorChecker-350 -Bean 'forestConfiguration' of type [com.dtflys.forest.config.ForestConfiguration] is not eligible for getting processed by all BeanPostProcessors (for example: not eligible for auto-proxying)
21-02-07 08:58:36.859 [main] INFO  o.s.b.w.e.tomcat.TomcatWebServer-108 -Tomcat initialized with port(s): 8080 (http)
21-02-07 08:58:36.866 [main] INFO  o.a.coyote.http11.Http11NioProtocol-173 -Initializing ProtocolHandler ["http-nio-8080"]
21-02-07 08:58:36.866 [main] INFO  o.a.catalina.core.StandardService-173 -Starting service [Tomcat]
21-02-07 08:58:36.867 [main] INFO  o.a.catalina.core.StandardEngine-173 -Starting Servlet engine: [Apache Tomcat/9.0.39]
21-02-07 08:58:36.934 [main] INFO  o.a.c.c.C.[Tomcat].[localhost].[/]-173 -Initializing Spring embedded WebApplicationContext
21-02-07 08:58:36.934 [main] INFO  o.s.b.w.s.c.ServletWebServerApplicationContext-289 -Root WebApplicationContext: initialization completed in 1378 ms
21-02-07 08:58:37.421 [main] INFO  o.s.b.a.e.web.EndpointLinksResolver-58 -Exposing 2 endpoint(s) beneath base path '/actuator'
21-02-07 08:58:37.545 [main] INFO  o.s.s.c.ThreadPoolTaskExecutor-181 -Initializing ExecutorService 'applicationTaskExecutor'
21-02-07 08:58:37.788 [main] INFO  o.a.coyote.http11.Http11NioProtocol-173 -Starting ProtocolHandler ["http-nio-8080"]
21-02-07 08:58:37.805 [main] INFO  o.s.b.w.e.tomcat.TomcatWebServer-220 -Tomcat started on port(s): 8080 (http) with context path ''
21-02-07 08:58:37.882 [main] WARN  s.d.s.r.o.OperationImplicitParameterReader-170 -Unable to interpret the implicit parameter configuration with dataType: MultipartFile, dataTypeClass: class java.lang.Void
21-02-07 08:58:37.930 [main] INFO  c.e.appcommon.AppCommonApplication-61 -Started AppCommonApplication in 2.877 seconds (JVM running for 3.727)
21-02-07 08:58:38.210 [RMI TCP Connection(2)-10.0.107.77] INFO  o.a.c.c.C.[Tomcat].[localhost].[/]-173 -Initializing Spring DispatcherServlet 'dispatcherServlet'
21-02-07 08:58:38.211 [RMI TCP Connection(2)-10.0.107.77] INFO  o.s.web.servlet.DispatcherServlet-525 -Initializing Servlet 'dispatcherServlet'
21-02-07 08:58:38.212 [RMI TCP Connection(1)-10.0.107.77] INFO  com.zaxxer.hikari.HikariDataSource-110 -HikariPool-1 - Starting...
21-02-07 08:58:38.214 [RMI TCP Connection(2)-10.0.107.77] INFO  o.s.web.servlet.DispatcherServlet-547 -Completed initialization in 3 ms
21-02-07 08:58:38.517 [RMI TCP Connection(1)-10.0.107.77] INFO  com.zaxxer.hikari.HikariDataSource-123 -HikariPool-1 - Start completed.
21-02-07 09:08:21.972 [SpringContextShutdownHook] INFO  o.s.s.c.ThreadPoolTaskExecutor-218 -Shutting down ExecutorService 'applicationTaskExecutor'
21-02-07 09:08:21.973 [SpringContextShutdownHook] INFO  com.zaxxer.hikari.HikariDataSource-350 -HikariPool-1 - Shutdown initiated...
21-02-07 09:08:21.985 [SpringContextShutdownHook] INFO  com.zaxxer.hikari.HikariDataSource-352 -HikariPool-1 - Shutdown completed.
21-02-07 09:08:24.128 [background-preinit] INFO  o.h.validator.internal.util.Version-21 -HV000001: Hibernate Validator 6.1.6.Final
21-02-07 09:08:24.144 [main] INFO  c.e.appcommon.AppCommonApplication-55 -Starting AppCommonApplication using Java 1.8.0_231 on wangchenguang with PID 54148 (D:\GitRepository\Improve\app-common\target\classes started by wangchenguang in D:\GitRepository\Improve\app-common)
21-02-07 09:08:24.145 [main] INFO  c.e.appcommon.AppCommonApplication-660 -No active profile set, falling back to default profiles: default
21-02-07 09:08:25.150 [main] WARN  o.m.s.mapper.ClassPathMapperScanner-44 -No MyBatis mapper was found in '[com.example.appcommon]' package. Please check your configuration.
21-02-07 09:08:25.291 [main] INFO  o.s.c.s.PostProcessorRegistrationDelegate$BeanPostProcessorChecker-350 -Bean 'com.thebeastshop.forest.springboot.ForestAutoConfiguration' of type [com.thebeastshop.forest.springboot.ForestAutoConfiguration$$EnhancerBySpringCGLIB$$ec953d6f] is not eligible for getting processed by all BeanPostProcessors (for example: not eligible for auto-proxying)
21-02-07 09:08:25.303 [main] INFO  o.s.c.s.PostProcessorRegistrationDelegate$BeanPostProcessorChecker-350 -Bean 'forestConfigurationProperties' of type [com.thebeastshop.forest.springboot.properties.ForestConfigurationProperties] is not eligible for getting processed by all BeanPostProcessors (for example: not eligible for auto-proxying)
21-02-07 09:08:25.334 [main] INFO  o.s.c.s.PostProcessorRegistrationDelegate$BeanPostProcessorChecker-350 -Bean '(inner bean)#11d2dd2d' of type [com.dtflys.forest.interceptor.SpringInterceptorFactory] is not eligible for getting processed by all BeanPostProcessors (for example: not eligible for auto-proxying)
21-02-07 09:08:25.336 [main] INFO  o.s.c.s.PostProcessorRegistrationDelegate$BeanPostProcessorChecker-350 -Bean 'forestConfiguration' of type [com.dtflys.forest.config.ForestConfiguration] is not eligible for getting processed by all BeanPostProcessors (for example: not eligible for auto-proxying)
21-02-07 09:08:25.508 [main] INFO  o.s.b.w.e.tomcat.TomcatWebServer-108 -Tomcat initialized with port(s): 8080 (http)
21-02-07 09:08:25.516 [main] INFO  o.a.coyote.http11.Http11NioProtocol-173 -Initializing ProtocolHandler ["http-nio-8080"]
21-02-07 09:08:25.516 [main] INFO  o.a.catalina.core.StandardService-173 -Starting service [Tomcat]
21-02-07 09:08:25.517 [main] INFO  o.a.catalina.core.StandardEngine-173 -Starting Servlet engine: [Apache Tomcat/9.0.39]
21-02-07 09:08:25.584 [main] INFO  o.a.c.c.C.[Tomcat].[localhost].[/]-173 -Initializing Spring embedded WebApplicationContext
21-02-07 09:08:25.585 [main] INFO  o.s.b.w.s.c.ServletWebServerApplicationContext-289 -Root WebApplicationContext: initialization completed in 1395 ms
21-02-07 09:08:26.084 [main] INFO  o.s.b.a.e.web.EndpointLinksResolver-58 -Exposing 2 endpoint(s) beneath base path '/actuator'
21-02-07 09:08:26.217 [main] INFO  o.s.s.c.ThreadPoolTaskExecutor-181 -Initializing ExecutorService 'applicationTaskExecutor'
21-02-07 09:08:26.474 [main] INFO  o.a.coyote.http11.Http11NioProtocol-173 -Starting ProtocolHandler ["http-nio-8080"]
21-02-07 09:08:26.492 [main] INFO  o.s.b.w.e.tomcat.TomcatWebServer-220 -Tomcat started on port(s): 8080 (http) with context path ''
21-02-07 09:08:26.579 [main] WARN  s.d.s.r.o.OperationImplicitParameterReader-170 -Unable to interpret the implicit parameter configuration with dataType: MultipartFile, dataTypeClass: class java.lang.Void
21-02-07 09:08:26.630 [main] INFO  c.e.appcommon.AppCommonApplication-61 -Started AppCommonApplication in 3.0 seconds (JVM running for 3.871)
21-02-07 09:08:26.778 [RMI TCP Connection(1)-10.0.107.77] INFO  o.a.c.c.C.[Tomcat].[localhost].[/]-173 -Initializing Spring DispatcherServlet 'dispatcherServlet'
21-02-07 09:08:26.779 [RMI TCP Connection(1)-10.0.107.77] INFO  o.s.web.servlet.DispatcherServlet-525 -Initializing Servlet 'dispatcherServlet'
21-02-07 09:08:26.780 [RMI TCP Connection(1)-10.0.107.77] INFO  o.s.web.servlet.DispatcherServlet-547 -Completed initialization in 1 ms
21-02-07 09:08:27.270 [RMI TCP Connection(3)-10.0.107.77] INFO  com.zaxxer.hikari.HikariDataSource-110 -HikariPool-1 - Starting...
21-02-07 09:08:27.704 [RMI TCP Connection(3)-10.0.107.77] INFO  com.zaxxer.hikari.HikariDataSource-123 -HikariPool-1 - Start completed.
21-02-07 09:08:57.542 [SpringContextShutdownHook] INFO  o.s.s.c.ThreadPoolTaskExecutor-218 -Shutting down ExecutorService 'applicationTaskExecutor'
21-02-07 09:08:57.543 [SpringContextShutdownHook] INFO  com.zaxxer.hikari.HikariDataSource-350 -HikariPool-1 - Shutdown initiated...
21-02-07 09:08:57.570 [SpringContextShutdownHook] INFO  com.zaxxer.hikari.HikariDataSource-352 -HikariPool-1 - Shutdown completed.
21-02-07 09:09:01.815 [background-preinit] INFO  o.h.validator.internal.util.Version-21 -HV000001: Hibernate Validator 6.1.6.Final
21-02-07 09:09:01.826 [main] INFO  c.e.appcommon.AppCommonApplication-55 -Starting AppCommonApplication using Java 1.8.0_231 on wangchenguang with PID 56272 (D:\GitRepository\Improve\app-common\target\classes started by wangchenguang in D:\GitRepository\Improve\app-common)
21-02-07 09:09:01.826 [main] INFO  c.e.appcommon.AppCommonApplication-660 -No active profile set, falling back to default profiles: default
21-02-07 09:09:02.899 [main] WARN  o.m.s.mapper.ClassPathMapperScanner-44 -No MyBatis mapper was found in '[com.example.appcommon]' package. Please check your configuration.
21-02-07 09:09:03.062 [main] INFO  o.s.c.s.PostProcessorRegistrationDelegate$BeanPostProcessorChecker-350 -Bean 'com.thebeastshop.forest.springboot.ForestAutoConfiguration' of type [com.thebeastshop.forest.springboot.ForestAutoConfiguration$$EnhancerBySpringCGLIB$$ebd5ab38] is not eligible for getting processed by all BeanPostProcessors (for example: not eligible for auto-proxying)
21-02-07 09:09:03.076 [main] INFO  o.s.c.s.PostProcessorRegistrationDelegate$BeanPostProcessorChecker-350 -Bean 'forestConfigurationProperties' of type [com.thebeastshop.forest.springboot.properties.ForestConfigurationProperties] is not eligible for getting processed by all BeanPostProcessors (for example: not eligible for auto-proxying)
21-02-07 09:09:03.111 [main] INFO  o.s.c.s.PostProcessorRegistrationDelegate$BeanPostProcessorChecker-350 -Bean '(inner bean)#319642db' of type [com.dtflys.forest.interceptor.SpringInterceptorFactory] is not eligible for getting processed by all BeanPostProcessors (for example: not eligible for auto-proxying)
21-02-07 09:09:03.113 [main] INFO  o.s.c.s.PostProcessorRegistrationDelegate$BeanPostProcessorChecker-350 -Bean 'forestConfiguration' of type [com.dtflys.forest.config.ForestConfiguration] is not eligible for getting processed by all BeanPostProcessors (for example: not eligible for auto-proxying)
21-02-07 09:09:03.300 [main] INFO  o.s.b.w.e.tomcat.TomcatWebServer-108 -Tomcat initialized with port(s): 8080 (http)
21-02-07 09:09:03.307 [main] INFO  o.a.coyote.http11.Http11NioProtocol-173 -Initializing ProtocolHandler ["http-nio-8080"]
21-02-07 09:09:03.308 [main] INFO  o.a.catalina.core.StandardService-173 -Starting service [Tomcat]
21-02-07 09:09:03.308 [main] INFO  o.a.catalina.core.StandardEngine-173 -Starting Servlet engine: [Apache Tomcat/9.0.39]
21-02-07 09:09:03.378 [main] INFO  o.a.c.c.C.[Tomcat].[localhost].[/]-173 -Initializing Spring embedded WebApplicationContext
21-02-07 09:09:03.378 [main] INFO  o.s.b.w.s.c.ServletWebServerApplicationContext-289 -Root WebApplicationContext: initialization completed in 1510 ms
21-02-07 09:09:03.892 [main] INFO  o.s.b.a.e.web.EndpointLinksResolver-58 -Exposing 2 endpoint(s) beneath base path '/actuator'
21-02-07 09:09:04.024 [main] INFO  o.s.s.c.ThreadPoolTaskExecutor-181 -Initializing ExecutorService 'applicationTaskExecutor'
21-02-07 09:09:04.266 [main] INFO  o.a.coyote.http11.Http11NioProtocol-173 -Starting ProtocolHandler ["http-nio-8080"]
21-02-07 09:09:04.282 [main] INFO  o.s.b.w.e.tomcat.TomcatWebServer-220 -Tomcat started on port(s): 8080 (http) with context path ''
21-02-07 09:09:04.413 [main] INFO  c.e.appcommon.AppCommonApplication-61 -Started AppCommonApplication in 3.13 seconds (JVM running for 4.071)
21-02-07 09:09:04.904 [RMI TCP Connection(1)-10.0.107.77] INFO  com.zaxxer.hikari.HikariDataSource-110 -HikariPool-1 - Starting...
21-02-07 09:09:05.163 [RMI TCP Connection(1)-10.0.107.77] INFO  com.zaxxer.hikari.HikariDataSource-123 -HikariPool-1 - Start completed.
21-02-07 09:09:05.387 [RMI TCP Connection(3)-10.0.107.77] INFO  o.a.c.c.C.[Tomcat].[localhost].[/]-173 -Initializing Spring DispatcherServlet 'dispatcherServlet'
21-02-07 09:09:05.387 [RMI TCP Connection(3)-10.0.107.77] INFO  o.s.web.servlet.DispatcherServlet-525 -Initializing Servlet 'dispatcherServlet'
21-02-07 09:09:05.389 [RMI TCP Connection(3)-10.0.107.77] INFO  o.s.web.servlet.DispatcherServlet-547 -Completed initialization in 2 ms
21-02-07 09:20:42.863 [SpringContextShutdownHook] INFO  o.s.s.c.ThreadPoolTaskExecutor-218 -Shutting down ExecutorService 'applicationTaskExecutor'
21-02-07 09:20:42.865 [SpringContextShutdownHook] INFO  com.zaxxer.hikari.HikariDataSource-350 -HikariPool-1 - Shutdown initiated...
21-02-07 09:20:42.877 [SpringContextShutdownHook] INFO  com.zaxxer.hikari.HikariDataSource-352 -HikariPool-1 - Shutdown completed.
21-02-07 09:20:47.412 [background-preinit] INFO  o.h.validator.internal.util.Version-21 -HV000001: Hibernate Validator 6.1.6.Final
21-02-07 09:20:47.419 [main] INFO  c.e.appcommon.AppCommonApplication-55 -Starting AppCommonApplication using Java 1.8.0_231 on wangchenguang with PID 51348 (D:\GitRepository\Improve\app-common\target\classes started by wangchenguang in D:\GitRepository\Improve\app-common)
21-02-07 09:20:47.419 [main] INFO  c.e.appcommon.AppCommonApplication-660 -No active profile set, falling back to default profiles: default
21-02-07 09:20:48.551 [main] WARN  o.m.s.mapper.ClassPathMapperScanner-44 -No MyBatis mapper was found in '[com.example.appcommon]' package. Please check your configuration.
21-02-07 09:20:48.707 [main] INFO  o.s.c.s.PostProcessorRegistrationDelegate$BeanPostProcessorChecker-350 -Bean 'com.thebeastshop.forest.springboot.ForestAutoConfiguration' of type [com.thebeastshop.forest.springboot.ForestAutoConfiguration$$EnhancerBySpringCGLIB$$92d1f29a] is not eligible for getting processed by all BeanPostProcessors (for example: not eligible for auto-proxying)
21-02-07 09:20:48.724 [main] INFO  o.s.c.s.PostProcessorRegistrationDelegate$BeanPostProcessorChecker-350 -Bean 'forestConfigurationProperties' of type [com.thebeastshop.forest.springboot.properties.ForestConfigurationProperties] is not eligible for getting processed by all BeanPostProcessors (for example: not eligible for auto-proxying)
21-02-07 09:20:48.762 [main] INFO  o.s.c.s.PostProcessorRegistrationDelegate$BeanPostProcessorChecker-350 -Bean '(inner bean)#5e593b08' of type [com.dtflys.forest.interceptor.SpringInterceptorFactory] is not eligible for getting processed by all BeanPostProcessors (for example: not eligible for auto-proxying)
21-02-07 09:20:48.766 [main] INFO  o.s.c.s.PostProcessorRegistrationDelegate$BeanPostProcessorChecker-350 -Bean 'forestConfiguration' of type [com.dtflys.forest.config.ForestConfiguration] is not eligible for getting processed by all BeanPostProcessors (for example: not eligible for auto-proxying)
21-02-07 09:20:48.949 [main] INFO  o.s.b.w.e.tomcat.TomcatWebServer-108 -Tomcat initialized with port(s): 8080 (http)
21-02-07 09:20:48.956 [main] INFO  o.a.coyote.http11.Http11NioProtocol-173 -Initializing ProtocolHandler ["http-nio-8080"]
21-02-07 09:20:48.956 [main] INFO  o.a.catalina.core.StandardService-173 -Starting service [Tomcat]
21-02-07 09:20:48.957 [main] INFO  o.a.catalina.core.StandardEngine-173 -Starting Servlet engine: [Apache Tomcat/9.0.39]
21-02-07 09:20:49.027 [main] INFO  o.a.c.c.C.[Tomcat].[localhost].[/]-173 -Initializing Spring embedded WebApplicationContext
21-02-07 09:20:49.028 [main] INFO  o.s.b.w.s.c.ServletWebServerApplicationContext-289 -Root WebApplicationContext: initialization completed in 1569 ms
21-02-07 09:20:49.560 [main] INFO  o.s.b.a.e.web.EndpointLinksResolver-58 -Exposing 2 endpoint(s) beneath base path '/actuator'
21-02-07 09:20:49.697 [main] INFO  o.s.s.c.ThreadPoolTaskExecutor-181 -Initializing ExecutorService 'applicationTaskExecutor'
21-02-07 09:20:49.952 [main] INFO  o.a.coyote.http11.Http11NioProtocol-173 -Starting ProtocolHandler ["http-nio-8080"]
21-02-07 09:20:49.969 [main] INFO  o.s.b.w.e.tomcat.TomcatWebServer-220 -Tomcat started on port(s): 8080 (http) with context path ''
21-02-07 09:20:50.104 [main] INFO  c.e.appcommon.AppCommonApplication-61 -Started AppCommonApplication in 3.21 seconds (JVM running for 4.258)
21-02-07 09:20:50.691 [RMI TCP Connection(2)-10.0.107.77] INFO  o.a.c.c.C.[Tomcat].[localhost].[/]-173 -Initializing Spring DispatcherServlet 'dispatcherServlet'
21-02-07 09:20:50.691 [RMI TCP Connection(2)-10.0.107.77] INFO  o.s.web.servlet.DispatcherServlet-525 -Initializing Servlet 'dispatcherServlet'
21-02-07 09:20:50.692 [RMI TCP Connection(1)-10.0.107.77] INFO  com.zaxxer.hikari.HikariDataSource-110 -HikariPool-1 - Starting...
21-02-07 09:20:50.693 [RMI TCP Connection(2)-10.0.107.77] INFO  o.s.web.servlet.DispatcherServlet-547 -Completed initialization in 2 ms
21-02-07 09:20:51.040 [RMI TCP Connection(1)-10.0.107.77] INFO  com.zaxxer.hikari.HikariDataSource-123 -HikariPool-1 - Start completed.
21-02-07 09:38:34.373 [SpringContextShutdownHook] INFO  o.s.s.c.ThreadPoolTaskExecutor-218 -Shutting down ExecutorService 'applicationTaskExecutor'
21-02-07 09:38:34.374 [SpringContextShutdownHook] INFO  com.zaxxer.hikari.HikariDataSource-350 -HikariPool-1 - Shutdown initiated...
21-02-07 09:38:34.386 [SpringContextShutdownHook] INFO  com.zaxxer.hikari.HikariDataSource-352 -HikariPool-1 - Shutdown completed.
21-02-07 10:29:36.116 [background-preinit] INFO  o.h.validator.internal.util.Version-21 -HV000001: Hibernate Validator 6.1.6.Final
21-02-07 10:29:36.128 [main] INFO  c.e.appcommon.AppCommonApplication-55 -Starting AppCommonApplication using Java 1.8.0_231 on wangchenguang with PID 56996 (D:\GitRepository\Improve\app-common\target\classes started by wangchenguang in D:\GitRepository\Improve\app-common)
21-02-07 10:29:36.129 [main] INFO  c.e.appcommon.AppCommonApplication-660 -No active profile set, falling back to default profiles: default
21-02-07 10:29:37.749 [main] WARN  o.m.s.mapper.ClassPathMapperScanner-44 -No MyBatis mapper was found in '[com.example.appcommon]' package. Please check your configuration.
21-02-07 10:29:37.935 [main] INFO  o.s.c.s.PostProcessorRegistrationDelegate$BeanPostProcessorChecker-350 -Bean 'com.thebeastshop.forest.springboot.ForestAutoConfiguration' of type [com.thebeastshop.forest.springboot.ForestAutoConfiguration$$EnhancerBySpringCGLIB$$e53ed97f] is not eligible for getting processed by all BeanPostProcessors (for example: not eligible for auto-proxying)
21-02-07 10:29:37.947 [main] INFO  o.s.c.s.PostProcessorRegistrationDelegate$BeanPostProcessorChecker-350 -Bean 'forestConfigurationProperties' of type [com.thebeastshop.forest.springboot.properties.ForestConfigurationProperties] is not eligible for getting processed by all BeanPostProcessors (for example: not eligible for auto-proxying)
21-02-07 10:29:37.982 [main] INFO  o.s.c.s.PostProcessorRegistrationDelegate$BeanPostProcessorChecker-350 -Bean '(inner bean)#2b08772d' of type [com.dtflys.forest.interceptor.SpringInterceptorFactory] is not eligible for getting processed by all BeanPostProcessors (for example: not eligible for auto-proxying)
21-02-07 10:29:37.984 [main] INFO  o.s.c.s.PostProcessorRegistrationDelegate$BeanPostProcessorChecker-350 -Bean 'forestConfiguration' of type [com.dtflys.forest.config.ForestConfiguration] is not eligible for getting processed by all BeanPostProcessors (for example: not eligible for auto-proxying)
21-02-07 10:29:38.153 [main] INFO  o.s.b.w.e.tomcat.TomcatWebServer-108 -Tomcat initialized with port(s): 8081 (http)
21-02-07 10:29:38.161 [main] INFO  o.a.coyote.http11.Http11NioProtocol-173 -Initializing ProtocolHandler ["http-nio-8081"]
21-02-07 10:29:38.162 [main] INFO  o.a.catalina.core.StandardService-173 -Starting service [Tomcat]
21-02-07 10:29:38.162 [main] INFO  o.a.catalina.core.StandardEngine-173 -Starting Servlet engine: [Apache Tomcat/9.0.39]
21-02-07 10:29:38.235 [main] INFO  o.a.c.c.C.[Tomcat].[localhost].[/]-173 -Initializing Spring embedded WebApplicationContext
21-02-07 10:29:38.236 [main] INFO  o.s.b.w.s.c.ServletWebServerApplicationContext-289 -Root WebApplicationContext: initialization completed in 2064 ms
21-02-07 10:29:38.728 [main] INFO  o.s.b.a.e.web.EndpointLinksResolver-58 -Exposing 2 endpoint(s) beneath base path '/actuator'
21-02-07 10:29:38.856 [main] INFO  o.s.s.c.ThreadPoolTaskExecutor-181 -Initializing ExecutorService 'applicationTaskExecutor'
21-02-07 10:29:39.097 [main] INFO  o.a.coyote.http11.Http11NioProtocol-173 -Starting ProtocolHandler ["http-nio-8081"]
21-02-07 10:29:39.114 [main] INFO  o.s.b.w.e.tomcat.TomcatWebServer-220 -Tomcat started on port(s): 8081 (http) with context path ''
21-02-07 10:29:39.242 [main] INFO  c.e.appcommon.AppCommonApplication-61 -Started AppCommonApplication in 3.618 seconds (JVM running for 4.422)
21-02-07 10:29:39.896 [RMI TCP Connection(3)-10.0.107.66] INFO  o.a.c.c.C.[Tomcat].[localhost].[/]-173 -Initializing Spring DispatcherServlet 'dispatcherServlet'
21-02-07 10:29:39.897 [RMI TCP Connection(3)-10.0.107.66] INFO  o.s.web.servlet.DispatcherServlet-525 -Initializing Servlet 'dispatcherServlet'
21-02-07 10:29:39.897 [RMI TCP Connection(4)-10.0.107.66] INFO  com.zaxxer.hikari.HikariDataSource-110 -HikariPool-1 - Starting...
21-02-07 10:29:39.905 [RMI TCP Connection(3)-10.0.107.66] INFO  o.s.web.servlet.DispatcherServlet-547 -Completed initialization in 8 ms
21-02-07 10:29:40.224 [RMI TCP Connection(4)-10.0.107.66] INFO  com.zaxxer.hikari.HikariDataSource-123 -HikariPool-1 - Start completed.
21-02-07 11:12:27.862 [SpringContextShutdownHook] INFO  o.s.s.c.ThreadPoolTaskExecutor-218 -Shutting down ExecutorService 'applicationTaskExecutor'
21-02-07 11:12:27.863 [SpringContextShutdownHook] INFO  com.zaxxer.hikari.HikariDataSource-350 -HikariPool-1 - Shutdown initiated...
21-02-07 11:12:27.869 [SpringContextShutdownHook] INFO  com.zaxxer.hikari.HikariDataSource-352 -HikariPool-1 - Shutdown completed.
