21-02-05 09:00:53.959 [background-preinit] INFO  o.h.validator.internal.util.Version-21 -HV000001: Hibernate Validator 6.1.6.Final
21-02-05 09:00:53.973 [main] INFO  c.e.appcommon.AppCommonApplication-55 -Starting AppCommonApplication using Java 1.8.0_231 on wangchenguang with PID 31564 (D:\GitRepository\Improve\app-common\target\classes started by wangchenguang in D:\GitRepository\Improve\app-common)
21-02-05 09:00:53.974 [main] INFO  c.e.appcommon.AppCommonApplication-660 -No active profile set, falling back to default profiles: default
21-02-05 09:00:55.020 [main] INFO  o.s.c.s.PostProcessorRegistrationDelegate$BeanPostProcessorChecker-350 -Bean 'com.thebeastshop.forest.springboot.ForestAutoConfiguration' of type [com.thebeastshop.forest.springboot.ForestAutoConfiguration$$EnhancerBySpringCGLIB$$bd46e70c] is not eligible for getting processed by all BeanPostProcessors (for example: not eligible for auto-proxying)
21-02-05 09:00:55.032 [main] INFO  o.s.c.s.PostProcessorRegistrationDelegate$BeanPostProcessorChecker-350 -Bean 'forestConfigurationProperties' of type [com.thebeastshop.forest.springboot.properties.ForestConfigurationProperties] is not eligible for getting processed by all BeanPostProcessors (for example: not eligible for auto-proxying)
21-02-05 09:00:55.063 [main] INFO  o.s.c.s.PostProcessorRegistrationDelegate$BeanPostProcessorChecker-350 -Bean '(inner bean)#3874b815' of type [com.dtflys.forest.interceptor.SpringInterceptorFactory] is not eligible for getting processed by all BeanPostProcessors (for example: not eligible for auto-proxying)
21-02-05 09:00:55.064 [main] INFO  o.s.c.s.PostProcessorRegistrationDelegate$BeanPostProcessorChecker-350 -Bean 'forestConfiguration' of type [com.dtflys.forest.config.ForestConfiguration] is not eligible for getting processed by all BeanPostProcessors (for example: not eligible for auto-proxying)
21-02-05 09:00:55.215 [main] INFO  o.s.b.w.e.tomcat.TomcatWebServer-108 -Tomcat initialized with port(s): 8080 (http)
21-02-05 09:00:55.221 [main] INFO  o.a.coyote.http11.Http11NioProtocol-173 -Initializing ProtocolHandler ["http-nio-8080"]
21-02-05 09:00:55.222 [main] INFO  o.a.catalina.core.StandardService-173 -Starting service [Tomcat]
21-02-05 09:00:55.222 [main] INFO  o.a.catalina.core.StandardEngine-173 -Starting Servlet engine: [Apache Tomcat/9.0.39]
21-02-05 09:00:55.293 [main] INFO  o.a.c.c.C.[Tomcat].[localhost].[/]-173 -Initializing Spring embedded WebApplicationContext
21-02-05 09:00:55.293 [main] INFO  o.s.b.w.s.c.ServletWebServerApplicationContext-289 -Root WebApplicationContext: initialization completed in 1254 ms
21-02-05 09:00:55.687 [main] INFO  o.s.b.a.e.web.EndpointLinksResolver-58 -Exposing 2 endpoint(s) beneath base path '/actuator'
21-02-05 09:00:55.792 [main] INFO  o.s.s.c.ThreadPoolTaskExecutor-181 -Initializing ExecutorService 'applicationTaskExecutor'
21-02-05 09:00:55.929 [main] INFO  o.a.coyote.http11.Http11NioProtocol-173 -Starting ProtocolHandler ["http-nio-8080"]
21-02-05 09:00:55.942 [main] INFO  o.s.b.w.e.tomcat.TomcatWebServer-220 -Tomcat started on port(s): 8080 (http) with context path ''
21-02-05 09:00:55.978 [main] INFO  c.e.appcommon.AppCommonApplication-61 -Started AppCommonApplication in 2.534 seconds (JVM running for 3.312)
21-02-05 09:00:56.317 [RMI TCP Connection(1)-10.0.107.52] INFO  o.a.c.c.C.[Tomcat].[localhost].[/]-173 -Initializing Spring DispatcherServlet 'dispatcherServlet'
21-02-05 09:00:56.318 [RMI TCP Connection(1)-10.0.107.52] INFO  o.s.web.servlet.DispatcherServlet-525 -Initializing Servlet 'dispatcherServlet'
21-02-05 09:00:56.319 [RMI TCP Connection(1)-10.0.107.52] INFO  o.s.web.servlet.DispatcherServlet-547 -Completed initialization in 1 ms
21-02-05 09:56:06.870 [main] INFO  c.e.appcommon.AppCommonApplication-55 -Starting AppCommonApplication using Java 1.8.0_231 on wangchenguang with PID 41884 (D:\GitRepository\Improve\app-common\target\classes started by wangchenguang in D:\GitRepository\Improve\app-common)
21-02-05 09:56:06.873 [main] INFO  c.e.appcommon.AppCommonApplication-660 -No active profile set, falling back to default profiles: default
21-02-05 09:56:06.881 [background-preinit] INFO  o.h.validator.internal.util.Version-21 -HV000001: Hibernate Validator 6.1.6.Final
21-02-05 09:56:07.833 [main] INFO  o.s.c.s.PostProcessorRegistrationDelegate$BeanPostProcessorChecker-350 -Bean 'com.thebeastshop.forest.springboot.ForestAutoConfiguration' of type [com.thebeastshop.forest.springboot.ForestAutoConfiguration$$EnhancerBySpringCGLIB$$89486dd6] is not eligible for getting processed by all BeanPostProcessors (for example: not eligible for auto-proxying)
21-02-05 09:56:07.845 [main] INFO  o.s.c.s.PostProcessorRegistrationDelegate$BeanPostProcessorChecker-350 -Bean 'forestConfigurationProperties' of type [com.thebeastshop.forest.springboot.properties.ForestConfigurationProperties] is not eligible for getting processed by all BeanPostProcessors (for example: not eligible for auto-proxying)
21-02-05 09:56:07.873 [main] INFO  o.s.c.s.PostProcessorRegistrationDelegate$BeanPostProcessorChecker-350 -Bean '(inner bean)#387bf2d9' of type [com.dtflys.forest.interceptor.SpringInterceptorFactory] is not eligible for getting processed by all BeanPostProcessors (for example: not eligible for auto-proxying)
21-02-05 09:56:07.874 [main] INFO  o.s.c.s.PostProcessorRegistrationDelegate$BeanPostProcessorChecker-350 -Bean 'forestConfiguration' of type [com.dtflys.forest.config.ForestConfiguration] is not eligible for getting processed by all BeanPostProcessors (for example: not eligible for auto-proxying)
21-02-05 09:56:08.009 [main] INFO  o.s.b.w.e.tomcat.TomcatWebServer-108 -Tomcat initialized with port(s): 8080 (http)
21-02-05 09:56:08.014 [main] INFO  o.a.coyote.http11.Http11NioProtocol-173 -Initializing ProtocolHandler ["http-nio-8080"]
21-02-05 09:56:08.015 [main] INFO  o.a.catalina.core.StandardService-173 -Starting service [Tomcat]
21-02-05 09:56:08.015 [main] INFO  o.a.catalina.core.StandardEngine-173 -Starting Servlet engine: [Apache Tomcat/9.0.39]
21-02-05 09:56:08.090 [main] INFO  o.a.c.c.C.[Tomcat].[localhost].[/]-173 -Initializing Spring embedded WebApplicationContext
21-02-05 09:56:08.091 [main] INFO  o.s.b.w.s.c.ServletWebServerApplicationContext-289 -Root WebApplicationContext: initialization completed in 1147 ms
21-02-05 09:56:08.507 [main] INFO  o.s.b.a.e.web.EndpointLinksResolver-58 -Exposing 2 endpoint(s) beneath base path '/actuator'
21-02-05 09:56:08.609 [main] INFO  o.s.s.c.ThreadPoolTaskExecutor-181 -Initializing ExecutorService 'applicationTaskExecutor'
21-02-05 09:56:08.743 [main] INFO  o.a.coyote.http11.Http11NioProtocol-173 -Starting ProtocolHandler ["http-nio-8080"]
21-02-05 09:56:08.756 [main] INFO  o.s.b.w.e.tomcat.TomcatWebServer-220 -Tomcat started on port(s): 8080 (http) with context path ''
21-02-05 09:56:08.841 [main] INFO  c.e.appcommon.AppCommonApplication-61 -Started AppCommonApplication in 2.371 seconds (JVM running for 3.112)
21-02-05 09:56:09.159 [RMI TCP Connection(2)-10.0.107.52] INFO  o.a.c.c.C.[Tomcat].[localhost].[/]-173 -Initializing Spring DispatcherServlet 'dispatcherServlet'
21-02-05 09:56:09.160 [RMI TCP Connection(2)-10.0.107.52] INFO  o.s.web.servlet.DispatcherServlet-525 -Initializing Servlet 'dispatcherServlet'
21-02-05 09:56:09.161 [RMI TCP Connection(2)-10.0.107.52] INFO  o.s.web.servlet.DispatcherServlet-547 -Completed initialization in 1 ms
21-02-05 09:57:38.601 [http-nio-8080-exec-7] INFO  c.e.appcommon.service.TestService-31 -========================等待超过60秒，未获取到登录结果！
